<?xml version="1.0" encoding="UTF-8"?>
<!-- Generated by org.testng.reporters.JUnitXMLReporter -->
<testsuite ignored="0" hostname="LAPTOP-PACC227E" failures="0" tests="6" name="Surefire test" time="0.05" errors="0" timestamp="2021-04-17T16:59:43 IST">
  <testcase classname="MJMavenProject.MavenProject.AppiumTest" name="IOSApps" time="0.004"/>
  <testcase classname="MJMavenProject.MavenProject.AppiumTest" name="nativeAppAndroid" time="0.0"/>
  <testcase classname="MJMavenProject.MavenProject.ResrAPITest" name="deleteTwitter" time="0.0"/>
  <testcase classname="MJMavenProject.MavenProject.ResrAPITest" name="postJira" time="0.0"/>
  <testcase classname="MJMavenProject.MavenProject.SeleniumTest" name="BrowserStart" time="0.001"/>
  <testcase classname="MJMavenProject.MavenProject.SeleniumTest" name="elementUI" time="0.0"/>
</testsuite> <!-- Surefire test -->
