<?xml version="1.0" encoding="UTF-8"?>
<!-- Generated by org.testng.reporters.JUnitXMLReporter -->
<testsuite ignored="0" hostname="LAPTOP-PACC227E" failures="0" tests="4" name="Test" time="0.04" errors="0" timestamp="2021-04-17T17:15:04 IST">
  <testcase classname="MJMavenProject.MavenProject.SeleniumTest" name="BrowserStart" time="0.004"/>
  <testcase classname="MJMavenProject.MavenProject.SeleniumTest" name="elementUI" time="0.0"/>
  <testcase classname="MJMavenProject.MavenProject.ResrAPITest" name="deleteTwitter" time="0.0"/>
  <testcase classname="MJMavenProject.MavenProject.ResrAPITest" name="postJira" time="0.001"/>
</testsuite> <!-- Test -->
