<?xml version="1.0" encoding="UTF-8"?>
<testng-results ignored="0" total="4" passed="4" failed="0" skipped="0">
  <reporter-output>
  </reporter-output>
  <suite started-at="2021-04-17T17:15:04 IST" name="Suite" finished-at="2021-04-17T17:15:04 IST" duration-ms="40">
    <groups>
    </groups>
    <test started-at="2021-04-17T17:15:04 IST" name="Test" finished-at="2021-04-17T17:15:04 IST" duration-ms="40">
      <class name="MJMavenProject.MavenProject.SeleniumTest">
        <test-method signature="BrowserStart()[pri:0, instance:MJMavenProject.MavenProject.SeleniumTest@22635ba0]" started-at="2021-04-17T17:15:04 IST" name="BrowserStart" finished-at="2021-04-17T17:15:04 IST" duration-ms="4" status="PASS">
          <reporter-output>
          </reporter-output>
        </test-method> <!-- BrowserStart -->
        <test-method signature="elementUI()[pri:0, instance:MJMavenProject.MavenProject.SeleniumTest@22635ba0]" started-at="2021-04-17T17:15:04 IST" name="elementUI" finished-at="2021-04-17T17:15:04 IST" duration-ms="0" status="PASS">
          <reporter-output>
          </reporter-output>
        </test-method> <!-- elementUI -->
      </class> <!-- MJMavenProject.MavenProject.SeleniumTest -->
      <class name="MJMavenProject.MavenProject.ResrAPITest">
        <test-method signature="deleteTwitter()[pri:0, instance:MJMavenProject.MavenProject.ResrAPITest@43ee72e6]" started-at="2021-04-17T17:15:04 IST" name="deleteTwitter" finished-at="2021-04-17T17:15:04 IST" duration-ms="0" status="PASS">
          <reporter-output>
          </reporter-output>
        </test-method> <!-- deleteTwitter -->
        <test-method signature="postJira()[pri:0, instance:MJMavenProject.MavenProject.ResrAPITest@43ee72e6]" started-at="2021-04-17T17:15:04 IST" name="postJira" finished-at="2021-04-17T17:15:04 IST" duration-ms="1" status="PASS">
          <reporter-output>
          </reporter-output>
        </test-method> <!-- postJira -->
      </class> <!-- MJMavenProject.MavenProject.ResrAPITest -->
    </test> <!-- Test -->
  </suite> <!-- Suite -->
</testng-results>
